[2021-04-19T23:47:21.074] [ERROR] default - Error: ER_NO_SUCH_TABLE: Table 'legal.actionlog' doesn't exist
    at Query.Sequence._packetToError (c:\Users\allen\Documents\WD_GIT\BNNI_backend\node_modules\mysql\lib\protocol\sequences\Sequence.js:47:14)
    at Query.ErrorPacket (c:\Users\allen\Documents\WD_GIT\BNNI_backend\node_modules\mysql\lib\protocol\sequences\Query.js:79:18)
    at Protocol._parsePacket (c:\Users\allen\Documents\WD_GIT\BNNI_backend\node_modules\mysql\lib\protocol\Protocol.js:291:23)
    at Parser._parsePacket (c:\Users\allen\Documents\WD_GIT\BNNI_backend\node_modules\mysql\lib\protocol\Parser.js:433:10)
    at Parser.write (c:\Users\allen\Documents\WD_GIT\BNNI_backend\node_modules\mysql\lib\protocol\Parser.js:43:10)
    at Protocol.write (c:\Users\allen\Documents\WD_GIT\BNNI_backend\node_modules\mysql\lib\protocol\Protocol.js:38:16)
    at Socket.<anonymous> (c:\Users\allen\Documents\WD_GIT\BNNI_backend\node_modules\mysql\lib\Connection.js:88:28)
    at Socket.<anonymous> (c:\Users\allen\Documents\WD_GIT\BNNI_backend\node_modules\mysql\lib\Connection.js:526:10)
    at Socket.emit (events.js:315:20)
    at addChunk (internal/streams/readable.js:309:12)
    --------------------
    at Protocol._enqueue (c:\Users\allen\Documents\WD_GIT\BNNI_backend\node_modules\mysql\lib\protocol\Protocol.js:144:48)
    at PoolConnection.query (c:\Users\allen\Documents\WD_GIT\BNNI_backend\node_modules\mysql\lib\Connection.js:198:25)
    at c:\Users\allen\Documents\WD_GIT\BNNI_backend\utility\mysqlDB.js:25:32
    at Ping.onOperationComplete (c:\Users\allen\Documents\WD_GIT\BNNI_backend\node_modules\mysql\lib\Pool.js:110:5)
    at Ping.<anonymous> (c:\Users\allen\Documents\WD_GIT\BNNI_backend\node_modules\mysql\lib\Connection.js:526:10)
    at Ping._callback (c:\Users\allen\Documents\WD_GIT\BNNI_backend\node_modules\mysql\lib\Connection.js:488:16)
    at Ping.Sequence.end (c:\Users\allen\Documents\WD_GIT\BNNI_backend\node_modules\mysql\lib\protocol\sequences\Sequence.js:83:24)
    at Ping.Sequence.OkPacket (c:\Users\allen\Documents\WD_GIT\BNNI_backend\node_modules\mysql\lib\protocol\sequences\Sequence.js:92:8)
    at Protocol._parsePacket (c:\Users\allen\Documents\WD_GIT\BNNI_backend\node_modules\mysql\lib\protocol\Protocol.js:291:23)
    at Parser._parsePacket (c:\Users\allen\Documents\WD_GIT\BNNI_backend\node_modules\mysql\lib\protocol\Parser.js:433:10) {
  code: 'ER_NO_SUCH_TABLE',
  errno: 1146,
  sqlMessage: "Table 'legal.actionlog' doesn't exist",
  sqlState: '42S02',
  index: 0,
  sql: `INSERT INTO actionlog SET action_type = NULL, request = '{\\"keyword\\":\\"八十五年度再審字第六一八號\\"}', response = '[{\\"judgmentid\\":1,\\"datetime\\":\\"2021-04-10T16:00:00.000Z\\",\\"participants\\":\\"testParticipants\\",\\"conclusion\\":\\"testconclusion\\",\\"area\\":\\"taiwan\\"}]', status = 200, time = now();`,
  errorCode: 999
}
[2021-04-19T23:47:21.076] [INFO] GET_VERDICT_LIST - [{"judgmentid":1,"datetime":"2021-04-10T16:00:00.000Z","participants":"testParticipants","conclusion":"testconclusion","area":"taiwan"}]
[2021-04-19T23:53:43.094] [ERROR] default - Error: ER_NO_SUCH_TABLE: Table 'legal.actionlog' doesn't exist
    at Query.Sequence._packetToError (c:\Users\allen\Documents\WD_GIT\BNNI_backend\node_modules\mysql\lib\protocol\sequences\Sequence.js:47:14)
    at Query.ErrorPacket (c:\Users\allen\Documents\WD_GIT\BNNI_backend\node_modules\mysql\lib\protocol\sequences\Query.js:79:18)
    at Protocol._parsePacket (c:\Users\allen\Documents\WD_GIT\BNNI_backend\node_modules\mysql\lib\protocol\Protocol.js:291:23)
    at Parser._parsePacket (c:\Users\allen\Documents\WD_GIT\BNNI_backend\node_modules\mysql\lib\protocol\Parser.js:433:10)
    at Parser.write (c:\Users\allen\Documents\WD_GIT\BNNI_backend\node_modules\mysql\lib\protocol\Parser.js:43:10)
    at Protocol.write (c:\Users\allen\Documents\WD_GIT\BNNI_backend\node_modules\mysql\lib\protocol\Protocol.js:38:16)
    at Socket.<anonymous> (c:\Users\allen\Documents\WD_GIT\BNNI_backend\node_modules\mysql\lib\Connection.js:88:28)
    at Socket.<anonymous> (c:\Users\allen\Documents\WD_GIT\BNNI_backend\node_modules\mysql\lib\Connection.js:526:10)
    at Socket.emit (events.js:315:20)
    at addChunk (internal/streams/readable.js:309:12)
    --------------------
    at Protocol._enqueue (c:\Users\allen\Documents\WD_GIT\BNNI_backend\node_modules\mysql\lib\protocol\Protocol.js:144:48)
    at PoolConnection.query (c:\Users\allen\Documents\WD_GIT\BNNI_backend\node_modules\mysql\lib\Connection.js:198:25)
    at c:\Users\allen\Documents\WD_GIT\BNNI_backend\utility\mysqlDB.js:25:32
    at Ping.onOperationComplete (c:\Users\allen\Documents\WD_GIT\BNNI_backend\node_modules\mysql\lib\Pool.js:110:5)
    at Ping.<anonymous> (c:\Users\allen\Documents\WD_GIT\BNNI_backend\node_modules\mysql\lib\Connection.js:526:10)
    at Ping._callback (c:\Users\allen\Documents\WD_GIT\BNNI_backend\node_modules\mysql\lib\Connection.js:488:16)
    at Ping.Sequence.end (c:\Users\allen\Documents\WD_GIT\BNNI_backend\node_modules\mysql\lib\protocol\sequences\Sequence.js:83:24)
    at Ping.Sequence.OkPacket (c:\Users\allen\Documents\WD_GIT\BNNI_backend\node_modules\mysql\lib\protocol\sequences\Sequence.js:92:8)
    at Protocol._parsePacket (c:\Users\allen\Documents\WD_GIT\BNNI_backend\node_modules\mysql\lib\protocol\Protocol.js:291:23)
    at Parser._parsePacket (c:\Users\allen\Documents\WD_GIT\BNNI_backend\node_modules\mysql\lib\protocol\Parser.js:433:10) {
  code: 'ER_NO_SUCH_TABLE',
  errno: 1146,
  sqlMessage: "Table 'legal.actionlog' doesn't exist",
  sqlState: '42S02',
  index: 0,
  sql: `INSERT INTO actionlog SET action_type = NULL, request = '{\\"keyword\\":\\"八十五年度再審字第六一八號\\"}', response = '[{\\"judgmentid\\":1,\\"datetime\\":\\"2021-04-10T16:00:00.000Z\\",\\"participants\\":\\"testParticipants\\",\\"conclusion\\":\\"testconclusion\\",\\"area\\":\\"taiwan\\"}]', status = 200, time = now();`,
  errorCode: 999
}
[2021-04-19T23:53:43.095] [INFO] GET_VERDICT_LIST - [{"judgmentid":1,"datetime":"2021-04-10T16:00:00.000Z","participants":"testParticipants","conclusion":"testconclusion","area":"taiwan"}]
