[2021-04-24T11:05:41.144] [ERROR] default - Error: ER_NO_SUCH_TABLE: Table 'legal.actionlog' doesn't exist
    at Query.Sequence._packetToError (c:\Users\allen\Documents\WD_GIT\BNNI_backend\node_modules\mysql\lib\protocol\sequences\Sequence.js:47:14)
    at Query.ErrorPacket (c:\Users\allen\Documents\WD_GIT\BNNI_backend\node_modules\mysql\lib\protocol\sequences\Query.js:79:18)
    at Protocol._parsePacket (c:\Users\allen\Documents\WD_GIT\BNNI_backend\node_modules\mysql\lib\protocol\Protocol.js:291:23)
    at Parser._parsePacket (c:\Users\allen\Documents\WD_GIT\BNNI_backend\node_modules\mysql\lib\protocol\Parser.js:433:10)
    at Parser.write (c:\Users\allen\Documents\WD_GIT\BNNI_backend\node_modules\mysql\lib\protocol\Parser.js:43:10)
    at Protocol.write (c:\Users\allen\Documents\WD_GIT\BNNI_backend\node_modules\mysql\lib\protocol\Protocol.js:38:16)
    at Socket.<anonymous> (c:\Users\allen\Documents\WD_GIT\BNNI_backend\node_modules\mysql\lib\Connection.js:88:28)
    at Socket.<anonymous> (c:\Users\allen\Documents\WD_GIT\BNNI_backend\node_modules\mysql\lib\Connection.js:526:10)
    at Socket.emit (events.js:315:20)
    at addChunk (internal/streams/readable.js:309:12)
    --------------------
    at Protocol._enqueue (c:\Users\allen\Documents\WD_GIT\BNNI_backend\node_modules\mysql\lib\protocol\Protocol.js:144:48)
    at PoolConnection.query (c:\Users\allen\Documents\WD_GIT\BNNI_backend\node_modules\mysql\lib\Connection.js:198:25)
    at c:\Users\allen\Documents\WD_GIT\BNNI_backend\utility\mysqlDB.js:25:32
    at Ping.onOperationComplete (c:\Users\allen\Documents\WD_GIT\BNNI_backend\node_modules\mysql\lib\Pool.js:110:5)
    at Ping.<anonymous> (c:\Users\allen\Documents\WD_GIT\BNNI_backend\node_modules\mysql\lib\Connection.js:526:10)
    at Ping._callback (c:\Users\allen\Documents\WD_GIT\BNNI_backend\node_modules\mysql\lib\Connection.js:488:16)
    at Ping.Sequence.end (c:\Users\allen\Documents\WD_GIT\BNNI_backend\node_modules\mysql\lib\protocol\sequences\Sequence.js:83:24)
    at Ping.Sequence.OkPacket (c:\Users\allen\Documents\WD_GIT\BNNI_backend\node_modules\mysql\lib\protocol\sequences\Sequence.js:92:8)
    at Protocol._parsePacket (c:\Users\allen\Documents\WD_GIT\BNNI_backend\node_modules\mysql\lib\protocol\Protocol.js:291:23)
    at Parser._parsePacket (c:\Users\allen\Documents\WD_GIT\BNNI_backend\node_modules\mysql\lib\protocol\Parser.js:433:10) {
  code: 'ER_NO_SUCH_TABLE',
  errno: 1146,
  sqlMessage: "Table 'legal.actionlog' doesn't exist",
  sqlState: '42S02',
  index: 0,
  sql: `INSERT INTO actionlog SET action_type = NULL, request = '{\\"keyword\\":\\"八十五年度再審字第六一八號\\"}', response = '[{\\"judgmentid\\":1,\\"class\\":\\"公務員懲戒委員會議決書\\",\\"datetime\\":\\"1996-01-11T16:00:00.000Z\\",\\"mainjudge\\":\\"{\\\\\\"委員長\\\\\\":\\\\\\"葛義才\\\\\\"}\\",\\"secondaryjudge\\":\\"{\\\\\\"委員\\\\\\":[\\\\\\"胡光華\\\\\\",\\\\\\"金經昌\\\\\\",\\\\\\"王文\\\\\\",\\\\\\"黃向堅\\\\\\",\\\\\\"陳培基\\\\\\",\\\\\\"吳天惠\\\\\\",\\\\\\"張登科\\\\\\",\\\\\\"陶振聲\\\\\\",\\\\\\"耿雲卿\\\\\\",\\\\\\"薛爾毅\\\\\\",\\\\\\"王廷懋\\\\\\",\\\\\\"王興仁\\\\\\",\\\\\\"蔡尊五\\\\\\"]}\\",\\"clerk\\":\\"賴秀能\\",\\"conclusion\\":\\"本件再審議之聲請為無理由，應予駁回。爰依公務員懲戒法第三十八條第一項前段議決如主文。\\"},{\\"judgmentid\\":1134,\\"class\\":\\"公務員懲戒委員會議決書\\",\\"datetime\\":\\"1996-01-11T16:00:00.000Z\\",\\"mainjudge\\":\\"{\\\\\\"委員長\\\\\\":\\\\\\"葛義才\\\\\\"}\\",\\"secondaryjudge\\":\\"{\\\\\\"委員\\\\\\":[\\\\\\"胡光華\\\\\\",\\\\\\"金經昌\\\\\\",\\\\\\"王文\\\\\\",\\\\\\"黃向堅\\\\\\",\\\\\\"陳培基\\\\\\",\\\\\\"吳天惠\\\\\\",\\\\\\"張登科\\\\\\",\\\\\\"陶振聲\\\\\\",\\\\\\"耿雲卿\\\\\\",\\\\\\"薛爾毅\\\\\\",\\\\\\"王廷懋\\\\\\",\\\\\\"王興仁\\\\\\",\\\\\\"蔡尊五\\\\\\"]}\\",\\"clerk\\":\\"賴秀能\\",\\"conclusion\\":\\"本件再審議之聲請為無理由，應予駁回。爰依公務員懲戒法第三十八條第一項前段議決如主文。\\"}]', status = 200, time = now();`,
  errorCode: 999
}
[2021-04-24T11:05:41.147] [INFO] GET_VERDICT_LIST - [{"judgmentid":1,"class":"公務員懲戒委員會議決書","datetime":"1996-01-11T16:00:00.000Z","mainjudge":"{\"委員長\":\"葛義才\"}","secondaryjudge":"{\"委員\":[\"胡光華\",\"金經昌\",\"王文\",\"黃向堅\",\"陳培基\",\"吳天惠\",\"張登科\",\"陶振聲\",\"耿雲卿\",\"薛爾毅\",\"王廷懋\",\"王興仁\",\"蔡尊五\"]}","clerk":"賴秀能","conclusion":"本件再審議之聲請為無理由，應予駁回。爰依公務員懲戒法第三十八條第一項前段議決如主文。"},{"judgmentid":1134,"class":"公務員懲戒委員會議決書","datetime":"1996-01-11T16:00:00.000Z","mainjudge":"{\"委員長\":\"葛義才\"}","secondaryjudge":"{\"委員\":[\"胡光華\",\"金經昌\",\"王文\",\"黃向堅\",\"陳培基\",\"吳天惠\",\"張登科\",\"陶振聲\",\"耿雲卿\",\"薛爾毅\",\"王廷懋\",\"王興仁\",\"蔡尊五\"]}","clerk":"賴秀能","conclusion":"本件再審議之聲請為無理由，應予駁回。爰依公務員懲戒法第三十八條第一項前段議決如主文。"}]
[2021-04-24T17:25:29.732] [ERROR] default - Error: ER_NO_SUCH_TABLE: Table 'legal.actionlog' doesn't exist
    at Query.Sequence._packetToError (c:\Users\allen\Documents\WD_GIT\BNNI_backend\node_modules\mysql\lib\protocol\sequences\Sequence.js:47:14)
    at Query.ErrorPacket (c:\Users\allen\Documents\WD_GIT\BNNI_backend\node_modules\mysql\lib\protocol\sequences\Query.js:79:18)
    at Protocol._parsePacket (c:\Users\allen\Documents\WD_GIT\BNNI_backend\node_modules\mysql\lib\protocol\Protocol.js:291:23)
    at Parser._parsePacket (c:\Users\allen\Documents\WD_GIT\BNNI_backend\node_modules\mysql\lib\protocol\Parser.js:433:10)
    at Parser.write (c:\Users\allen\Documents\WD_GIT\BNNI_backend\node_modules\mysql\lib\protocol\Parser.js:43:10)
    at Protocol.write (c:\Users\allen\Documents\WD_GIT\BNNI_backend\node_modules\mysql\lib\protocol\Protocol.js:38:16)
    at Socket.<anonymous> (c:\Users\allen\Documents\WD_GIT\BNNI_backend\node_modules\mysql\lib\Connection.js:88:28)
    at Socket.<anonymous> (c:\Users\allen\Documents\WD_GIT\BNNI_backend\node_modules\mysql\lib\Connection.js:526:10)
    at Socket.emit (events.js:315:20)
    at addChunk (internal/streams/readable.js:309:12)
    --------------------
    at Protocol._enqueue (c:\Users\allen\Documents\WD_GIT\BNNI_backend\node_modules\mysql\lib\protocol\Protocol.js:144:48)
    at PoolConnection.query (c:\Users\allen\Documents\WD_GIT\BNNI_backend\node_modules\mysql\lib\Connection.js:198:25)
    at c:\Users\allen\Documents\WD_GIT\BNNI_backend\utility\mysqlDB.js:25:32
    at Ping.onOperationComplete (c:\Users\allen\Documents\WD_GIT\BNNI_backend\node_modules\mysql\lib\Pool.js:110:5)
    at Ping.<anonymous> (c:\Users\allen\Documents\WD_GIT\BNNI_backend\node_modules\mysql\lib\Connection.js:526:10)
    at Ping._callback (c:\Users\allen\Documents\WD_GIT\BNNI_backend\node_modules\mysql\lib\Connection.js:488:16)
    at Ping.Sequence.end (c:\Users\allen\Documents\WD_GIT\BNNI_backend\node_modules\mysql\lib\protocol\sequences\Sequence.js:83:24)
    at Ping.Sequence.OkPacket (c:\Users\allen\Documents\WD_GIT\BNNI_backend\node_modules\mysql\lib\protocol\sequences\Sequence.js:92:8)
    at Protocol._parsePacket (c:\Users\allen\Documents\WD_GIT\BNNI_backend\node_modules\mysql\lib\protocol\Protocol.js:291:23)
    at Parser._parsePacket (c:\Users\allen\Documents\WD_GIT\BNNI_backend\node_modules\mysql\lib\protocol\Parser.js:433:10) {
  code: 'ER_NO_SUCH_TABLE',
  errno: 1146,
  sqlMessage: "Table 'legal.actionlog' doesn't exist",
  sqlState: '42S02',
  index: 0,
  sql: `INSERT INTO actionlog SET action_type = NULL, request = '{\\"keyword\\":\\"八十五年度再審字第六一八號\\"}', response = '[{\\"judgmentid\\":1,\\"class\\":\\"公務員懲戒委員會議決書\\",\\"datetime\\":\\"1996-01-11T16:00:00.000Z\\",\\"mainjudge\\":\\"{\\\\\\"委員長\\\\\\":\\\\\\"葛義才\\\\\\"}\\",\\"secondaryjudge\\":\\"{\\\\\\"委員\\\\\\":[\\\\\\"胡光華\\\\\\",\\\\\\"金經昌\\\\\\",\\\\\\"王文\\\\\\",\\\\\\"黃向堅\\\\\\",\\\\\\"陳培基\\\\\\",\\\\\\"吳天惠\\\\\\",\\\\\\"張登科\\\\\\",\\\\\\"陶振聲\\\\\\",\\\\\\"耿雲卿\\\\\\",\\\\\\"薛爾毅\\\\\\",\\\\\\"王廷懋\\\\\\",\\\\\\"王興仁\\\\\\",\\\\\\"蔡尊五\\\\\\"]}\\",\\"clerk\\":\\"賴秀能\\",\\"conclusion\\":\\"本件再審議之聲請為無理由，應予駁回。爰依公務員懲戒法第三十八條第一項前段議決如主文。\\"},{\\"judgmentid\\":1134,\\"class\\":\\"公務員懲戒委員會議決書\\",\\"datetime\\":\\"1996-01-11T16:00:00.000Z\\",\\"mainjudge\\":\\"{\\\\\\"委員長\\\\\\":\\\\\\"葛義才\\\\\\"}\\",\\"secondaryjudge\\":\\"{\\\\\\"委員\\\\\\":[\\\\\\"胡光華\\\\\\",\\\\\\"金經昌\\\\\\",\\\\\\"王文\\\\\\",\\\\\\"黃向堅\\\\\\",\\\\\\"陳培基\\\\\\",\\\\\\"吳天惠\\\\\\",\\\\\\"張登科\\\\\\",\\\\\\"陶振聲\\\\\\",\\\\\\"耿雲卿\\\\\\",\\\\\\"薛爾毅\\\\\\",\\\\\\"王廷懋\\\\\\",\\\\\\"王興仁\\\\\\",\\\\\\"蔡尊五\\\\\\"]}\\",\\"clerk\\":\\"賴秀能\\",\\"conclusion\\":\\"本件再審議之聲請為無理由，應予駁回。爰依公務員懲戒法第三十八條第一項前段議決如主文。\\"}]', status = 200, time = now();`,
  errorCode: 999
}
[2021-04-24T17:25:29.734] [INFO] GET_VERDICT_LIST - [{"judgmentid":1,"class":"公務員懲戒委員會議決書","datetime":"1996-01-11T16:00:00.000Z","mainjudge":"{\"委員長\":\"葛義才\"}","secondaryjudge":"{\"委員\":[\"胡光華\",\"金經昌\",\"王文\",\"黃向堅\",\"陳培基\",\"吳天惠\",\"張登科\",\"陶振聲\",\"耿雲卿\",\"薛爾毅\",\"王廷懋\",\"王興仁\",\"蔡尊五\"]}","clerk":"賴秀能","conclusion":"本件再審議之聲請為無理由，應予駁回。爰依公務員懲戒法第三十八條第一項前段議決如主文。"},{"judgmentid":1134,"class":"公務員懲戒委員會議決書","datetime":"1996-01-11T16:00:00.000Z","mainjudge":"{\"委員長\":\"葛義才\"}","secondaryjudge":"{\"委員\":[\"胡光華\",\"金經昌\",\"王文\",\"黃向堅\",\"陳培基\",\"吳天惠\",\"張登科\",\"陶振聲\",\"耿雲卿\",\"薛爾毅\",\"王廷懋\",\"王興仁\",\"蔡尊五\"]}","clerk":"賴秀能","conclusion":"本件再審議之聲請為無理由，應予駁回。爰依公務員懲戒法第三十八條第一項前段議決如主文。"}]
[2021-04-24T17:25:42.258] [ERROR] default - Error: ER_NO_SUCH_TABLE: Table 'legal.actionlog' doesn't exist
    at Query.Sequence._packetToError (c:\Users\allen\Documents\WD_GIT\BNNI_backend\node_modules\mysql\lib\protocol\sequences\Sequence.js:47:14)
    at Query.ErrorPacket (c:\Users\allen\Documents\WD_GIT\BNNI_backend\node_modules\mysql\lib\protocol\sequences\Query.js:79:18)
    at Protocol._parsePacket (c:\Users\allen\Documents\WD_GIT\BNNI_backend\node_modules\mysql\lib\protocol\Protocol.js:291:23)
    at Parser._parsePacket (c:\Users\allen\Documents\WD_GIT\BNNI_backend\node_modules\mysql\lib\protocol\Parser.js:433:10)
    at Parser.write (c:\Users\allen\Documents\WD_GIT\BNNI_backend\node_modules\mysql\lib\protocol\Parser.js:43:10)
    at Protocol.write (c:\Users\allen\Documents\WD_GIT\BNNI_backend\node_modules\mysql\lib\protocol\Protocol.js:38:16)
    at Socket.<anonymous> (c:\Users\allen\Documents\WD_GIT\BNNI_backend\node_modules\mysql\lib\Connection.js:88:28)
    at Socket.<anonymous> (c:\Users\allen\Documents\WD_GIT\BNNI_backend\node_modules\mysql\lib\Connection.js:526:10)
    at Socket.emit (events.js:315:20)
    at addChunk (internal/streams/readable.js:309:12)
    --------------------
    at Protocol._enqueue (c:\Users\allen\Documents\WD_GIT\BNNI_backend\node_modules\mysql\lib\protocol\Protocol.js:144:48)
    at PoolConnection.query (c:\Users\allen\Documents\WD_GIT\BNNI_backend\node_modules\mysql\lib\Connection.js:198:25)
    at c:\Users\allen\Documents\WD_GIT\BNNI_backend\utility\mysqlDB.js:25:32
    at Ping.onOperationComplete (c:\Users\allen\Documents\WD_GIT\BNNI_backend\node_modules\mysql\lib\Pool.js:110:5)
    at Ping.<anonymous> (c:\Users\allen\Documents\WD_GIT\BNNI_backend\node_modules\mysql\lib\Connection.js:526:10)
    at Ping._callback (c:\Users\allen\Documents\WD_GIT\BNNI_backend\node_modules\mysql\lib\Connection.js:488:16)
    at Ping.Sequence.end (c:\Users\allen\Documents\WD_GIT\BNNI_backend\node_modules\mysql\lib\protocol\sequences\Sequence.js:83:24)
    at Ping.Sequence.OkPacket (c:\Users\allen\Documents\WD_GIT\BNNI_backend\node_modules\mysql\lib\protocol\sequences\Sequence.js:92:8)
    at Protocol._parsePacket (c:\Users\allen\Documents\WD_GIT\BNNI_backend\node_modules\mysql\lib\protocol\Protocol.js:291:23)
    at Parser._parsePacket (c:\Users\allen\Documents\WD_GIT\BNNI_backend\node_modules\mysql\lib\protocol\Parser.js:433:10) {
  code: 'ER_NO_SUCH_TABLE',
  errno: 1146,
  sqlMessage: "Table 'legal.actionlog' doesn't exist",
  sqlState: '42S02',
  index: 0,
  sql: `INSERT INTO actionlog SET action_type = NULL, request = '{\\"keyword\\":\\"八十五年度再審字第六一八號\\"}', response = '[{\\"judgmentid\\":1,\\"class\\":\\"公務員懲戒委員會議決書\\",\\"datetime\\":\\"1996-01-11T16:00:00.000Z\\",\\"mainjudge\\":\\"{\\\\\\"委員長\\\\\\":\\\\\\"葛義才\\\\\\"}\\",\\"secondaryjudge\\":\\"{\\\\\\"委員\\\\\\":[\\\\\\"胡光華\\\\\\",\\\\\\"金經昌\\\\\\",\\\\\\"王文\\\\\\",\\\\\\"黃向堅\\\\\\",\\\\\\"陳培基\\\\\\",\\\\\\"吳天惠\\\\\\",\\\\\\"張登科\\\\\\",\\\\\\"陶振聲\\\\\\",\\\\\\"耿雲卿\\\\\\",\\\\\\"薛爾毅\\\\\\",\\\\\\"王廷懋\\\\\\",\\\\\\"王興仁\\\\\\",\\\\\\"蔡尊五\\\\\\"]}\\",\\"clerk\\":\\"賴秀能\\",\\"conclusion\\":\\"本件再審議之聲請為無理由，應予駁回。爰依公務員懲戒法第三十八條第一項前段議決如主文。\\"},{\\"judgmentid\\":1134,\\"class\\":\\"公務員懲戒委員會議決書\\",\\"datetime\\":\\"1996-01-11T16:00:00.000Z\\",\\"mainjudge\\":\\"{\\\\\\"委員長\\\\\\":\\\\\\"葛義才\\\\\\"}\\",\\"secondaryjudge\\":\\"{\\\\\\"委員\\\\\\":[\\\\\\"胡光華\\\\\\",\\\\\\"金經昌\\\\\\",\\\\\\"王文\\\\\\",\\\\\\"黃向堅\\\\\\",\\\\\\"陳培基\\\\\\",\\\\\\"吳天惠\\\\\\",\\\\\\"張登科\\\\\\",\\\\\\"陶振聲\\\\\\",\\\\\\"耿雲卿\\\\\\",\\\\\\"薛爾毅\\\\\\",\\\\\\"王廷懋\\\\\\",\\\\\\"王興仁\\\\\\",\\\\\\"蔡尊五\\\\\\"]}\\",\\"clerk\\":\\"賴秀能\\",\\"conclusion\\":\\"本件再審議之聲請為無理由，應予駁回。爰依公務員懲戒法第三十八條第一項前段議決如主文。\\"}]', status = 200, time = now();`,
  errorCode: 999
}
[2021-04-24T17:25:42.259] [INFO] GET_VERDICT_LIST - [{"judgmentid":1,"class":"公務員懲戒委員會議決書","datetime":"1996-01-11T16:00:00.000Z","mainjudge":"{\"委員長\":\"葛義才\"}","secondaryjudge":"{\"委員\":[\"胡光華\",\"金經昌\",\"王文\",\"黃向堅\",\"陳培基\",\"吳天惠\",\"張登科\",\"陶振聲\",\"耿雲卿\",\"薛爾毅\",\"王廷懋\",\"王興仁\",\"蔡尊五\"]}","clerk":"賴秀能","conclusion":"本件再審議之聲請為無理由，應予駁回。爰依公務員懲戒法第三十八條第一項前段議決如主文。"},{"judgmentid":1134,"class":"公務員懲戒委員會議決書","datetime":"1996-01-11T16:00:00.000Z","mainjudge":"{\"委員長\":\"葛義才\"}","secondaryjudge":"{\"委員\":[\"胡光華\",\"金經昌\",\"王文\",\"黃向堅\",\"陳培基\",\"吳天惠\",\"張登科\",\"陶振聲\",\"耿雲卿\",\"薛爾毅\",\"王廷懋\",\"王興仁\",\"蔡尊五\"]}","clerk":"賴秀能","conclusion":"本件再審議之聲請為無理由，應予駁回。爰依公務員懲戒法第三十八條第一項前段議決如主文。"}]
[2021-04-24T17:30:37.835] [ERROR] default - Error: ER_NO_SUCH_TABLE: Table 'legal.actionlog' doesn't exist
    at Query.Sequence._packetToError (c:\Users\allen\Documents\WD_GIT\BNNI_backend\node_modules\mysql\lib\protocol\sequences\Sequence.js:47:14)
    at Query.ErrorPacket (c:\Users\allen\Documents\WD_GIT\BNNI_backend\node_modules\mysql\lib\protocol\sequences\Query.js:79:18)
    at Protocol._parsePacket (c:\Users\allen\Documents\WD_GIT\BNNI_backend\node_modules\mysql\lib\protocol\Protocol.js:291:23)
    at Parser._parsePacket (c:\Users\allen\Documents\WD_GIT\BNNI_backend\node_modules\mysql\lib\protocol\Parser.js:433:10)
    at Parser.write (c:\Users\allen\Documents\WD_GIT\BNNI_backend\node_modules\mysql\lib\protocol\Parser.js:43:10)
    at Protocol.write (c:\Users\allen\Documents\WD_GIT\BNNI_backend\node_modules\mysql\lib\protocol\Protocol.js:38:16)
    at Socket.<anonymous> (c:\Users\allen\Documents\WD_GIT\BNNI_backend\node_modules\mysql\lib\Connection.js:88:28)
    at Socket.<anonymous> (c:\Users\allen\Documents\WD_GIT\BNNI_backend\node_modules\mysql\lib\Connection.js:526:10)
    at Socket.emit (events.js:315:20)
    at addChunk (internal/streams/readable.js:309:12)
    --------------------
    at Protocol._enqueue (c:\Users\allen\Documents\WD_GIT\BNNI_backend\node_modules\mysql\lib\protocol\Protocol.js:144:48)
    at PoolConnection.query (c:\Users\allen\Documents\WD_GIT\BNNI_backend\node_modules\mysql\lib\Connection.js:198:25)
    at c:\Users\allen\Documents\WD_GIT\BNNI_backend\utility\mysqlDB.js:25:32
    at Ping.onOperationComplete (c:\Users\allen\Documents\WD_GIT\BNNI_backend\node_modules\mysql\lib\Pool.js:110:5)
    at Ping.<anonymous> (c:\Users\allen\Documents\WD_GIT\BNNI_backend\node_modules\mysql\lib\Connection.js:526:10)
    at Ping._callback (c:\Users\allen\Documents\WD_GIT\BNNI_backend\node_modules\mysql\lib\Connection.js:488:16)
    at Ping.Sequence.end (c:\Users\allen\Documents\WD_GIT\BNNI_backend\node_modules\mysql\lib\protocol\sequences\Sequence.js:83:24)
    at Ping.Sequence.OkPacket (c:\Users\allen\Documents\WD_GIT\BNNI_backend\node_modules\mysql\lib\protocol\sequences\Sequence.js:92:8)
    at Protocol._parsePacket (c:\Users\allen\Documents\WD_GIT\BNNI_backend\node_modules\mysql\lib\protocol\Protocol.js:291:23)
    at Parser._parsePacket (c:\Users\allen\Documents\WD_GIT\BNNI_backend\node_modules\mysql\lib\protocol\Parser.js:433:10) {
  code: 'ER_NO_SUCH_TABLE',
  errno: 1146,
  sqlMessage: "Table 'legal.actionlog' doesn't exist",
  sqlState: '42S02',
  index: 0,
  sql: `INSERT INTO actionlog SET action_type = NULL, request = '{\\"keyword\\":\\"八十五年度再審字第六一八號\\"}', response = '[{\\"judgmentid\\":1,\\"class\\":\\"公務員懲戒委員會議決書\\",\\"datetime\\":\\"1996-01-11T16:00:00.000Z\\",\\"mainjudge\\":\\"{\\\\\\"委員長\\\\\\":\\\\\\"葛義才\\\\\\"}\\",\\"secondaryjudge\\":\\"{\\\\\\"委員\\\\\\":[\\\\\\"胡光華\\\\\\",\\\\\\"金經昌\\\\\\",\\\\\\"王文\\\\\\",\\\\\\"黃向堅\\\\\\",\\\\\\"陳培基\\\\\\",\\\\\\"吳天惠\\\\\\",\\\\\\"張登科\\\\\\",\\\\\\"陶振聲\\\\\\",\\\\\\"耿雲卿\\\\\\",\\\\\\"薛爾毅\\\\\\",\\\\\\"王廷懋\\\\\\",\\\\\\"王興仁\\\\\\",\\\\\\"蔡尊五\\\\\\"]}\\",\\"clerk\\":\\"賴秀能\\",\\"conclusion\\":\\"本件再審議之聲請為無理由，應予駁回。爰依公務員懲戒法第三十八條第一項前段議決如主文。\\"},{\\"judgmentid\\":1134,\\"class\\":\\"公務員懲戒委員會議決書\\",\\"datetime\\":\\"1996-01-11T16:00:00.000Z\\",\\"mainjudge\\":\\"{\\\\\\"委員長\\\\\\":\\\\\\"葛義才\\\\\\"}\\",\\"secondaryjudge\\":\\"{\\\\\\"委員\\\\\\":[\\\\\\"胡光華\\\\\\",\\\\\\"金經昌\\\\\\",\\\\\\"王文\\\\\\",\\\\\\"黃向堅\\\\\\",\\\\\\"陳培基\\\\\\",\\\\\\"吳天惠\\\\\\",\\\\\\"張登科\\\\\\",\\\\\\"陶振聲\\\\\\",\\\\\\"耿雲卿\\\\\\",\\\\\\"薛爾毅\\\\\\",\\\\\\"王廷懋\\\\\\",\\\\\\"王興仁\\\\\\",\\\\\\"蔡尊五\\\\\\"]}\\",\\"clerk\\":\\"賴秀能\\",\\"conclusion\\":\\"本件再審議之聲請為無理由，應予駁回。爰依公務員懲戒法第三十八條第一項前段議決如主文。\\"}]', status = 200, time = now();`,
  errorCode: 999
}
[2021-04-24T17:30:37.836] [INFO] GET_VERDICT_LIST - [{"judgmentid":1,"class":"公務員懲戒委員會議決書","datetime":"1996-01-11T16:00:00.000Z","mainjudge":"{\"委員長\":\"葛義才\"}","secondaryjudge":"{\"委員\":[\"胡光華\",\"金經昌\",\"王文\",\"黃向堅\",\"陳培基\",\"吳天惠\",\"張登科\",\"陶振聲\",\"耿雲卿\",\"薛爾毅\",\"王廷懋\",\"王興仁\",\"蔡尊五\"]}","clerk":"賴秀能","conclusion":"本件再審議之聲請為無理由，應予駁回。爰依公務員懲戒法第三十八條第一項前段議決如主文。"},{"judgmentid":1134,"class":"公務員懲戒委員會議決書","datetime":"1996-01-11T16:00:00.000Z","mainjudge":"{\"委員長\":\"葛義才\"}","secondaryjudge":"{\"委員\":[\"胡光華\",\"金經昌\",\"王文\",\"黃向堅\",\"陳培基\",\"吳天惠\",\"張登科\",\"陶振聲\",\"耿雲卿\",\"薛爾毅\",\"王廷懋\",\"王興仁\",\"蔡尊五\"]}","clerk":"賴秀能","conclusion":"本件再審議之聲請為無理由，應予駁回。爰依公務員懲戒法第三十八條第一項前段議決如主文。"}]
[2021-04-24T17:38:52.867] [ERROR] default - Error: ER_NO_SUCH_TABLE: Table 'legal.actionlog' doesn't exist
    at Query.Sequence._packetToError (c:\Users\allen\Documents\WD_GIT\BNNI_backend\node_modules\mysql\lib\protocol\sequences\Sequence.js:47:14)
    at Query.ErrorPacket (c:\Users\allen\Documents\WD_GIT\BNNI_backend\node_modules\mysql\lib\protocol\sequences\Query.js:79:18)
    at Protocol._parsePacket (c:\Users\allen\Documents\WD_GIT\BNNI_backend\node_modules\mysql\lib\protocol\Protocol.js:291:23)
    at Parser._parsePacket (c:\Users\allen\Documents\WD_GIT\BNNI_backend\node_modules\mysql\lib\protocol\Parser.js:433:10)
    at Parser.write (c:\Users\allen\Documents\WD_GIT\BNNI_backend\node_modules\mysql\lib\protocol\Parser.js:43:10)
    at Protocol.write (c:\Users\allen\Documents\WD_GIT\BNNI_backend\node_modules\mysql\lib\protocol\Protocol.js:38:16)
    at Socket.<anonymous> (c:\Users\allen\Documents\WD_GIT\BNNI_backend\node_modules\mysql\lib\Connection.js:88:28)
    at Socket.<anonymous> (c:\Users\allen\Documents\WD_GIT\BNNI_backend\node_modules\mysql\lib\Connection.js:526:10)
    at Socket.emit (events.js:315:20)
    at addChunk (internal/streams/readable.js:309:12)
    --------------------
    at Protocol._enqueue (c:\Users\allen\Documents\WD_GIT\BNNI_backend\node_modules\mysql\lib\protocol\Protocol.js:144:48)
    at PoolConnection.query (c:\Users\allen\Documents\WD_GIT\BNNI_backend\node_modules\mysql\lib\Connection.js:198:25)
    at c:\Users\allen\Documents\WD_GIT\BNNI_backend\utility\mysqlDB.js:25:32
    at Ping.onOperationComplete (c:\Users\allen\Documents\WD_GIT\BNNI_backend\node_modules\mysql\lib\Pool.js:110:5)
    at Ping.<anonymous> (c:\Users\allen\Documents\WD_GIT\BNNI_backend\node_modules\mysql\lib\Connection.js:526:10)
    at Ping._callback (c:\Users\allen\Documents\WD_GIT\BNNI_backend\node_modules\mysql\lib\Connection.js:488:16)
    at Ping.Sequence.end (c:\Users\allen\Documents\WD_GIT\BNNI_backend\node_modules\mysql\lib\protocol\sequences\Sequence.js:83:24)
    at Ping.Sequence.OkPacket (c:\Users\allen\Documents\WD_GIT\BNNI_backend\node_modules\mysql\lib\protocol\sequences\Sequence.js:92:8)
    at Protocol._parsePacket (c:\Users\allen\Documents\WD_GIT\BNNI_backend\node_modules\mysql\lib\protocol\Protocol.js:291:23)
    at Parser._parsePacket (c:\Users\allen\Documents\WD_GIT\BNNI_backend\node_modules\mysql\lib\protocol\Parser.js:433:10) {
  code: 'ER_NO_SUCH_TABLE',
  errno: 1146,
  sqlMessage: "Table 'legal.actionlog' doesn't exist",
  sqlState: '42S02',
  index: 0,
  sql: `INSERT INTO actionlog SET action_type = NULL, request = '{\\"keyword\\":\\"八十五年度再審字第六一八號\\"}', response = '[{\\"judgmentid\\":1,\\"class\\":\\"公務員懲戒委員會議決書\\",\\"datetime\\":\\"1996-01-11T16:00:00.000Z\\",\\"mainjudge\\":\\"{\\\\\\"委員長\\\\\\":\\\\\\"葛義才\\\\\\"}\\",\\"secondaryjudge\\":\\"{\\\\\\"委員\\\\\\":[\\\\\\"胡光華\\\\\\",\\\\\\"金經昌\\\\\\",\\\\\\"王文\\\\\\",\\\\\\"黃向堅\\\\\\",\\\\\\"陳培基\\\\\\",\\\\\\"吳天惠\\\\\\",\\\\\\"張登科\\\\\\",\\\\\\"陶振聲\\\\\\",\\\\\\"耿雲卿\\\\\\",\\\\\\"薛爾毅\\\\\\",\\\\\\"王廷懋\\\\\\",\\\\\\"王興仁\\\\\\",\\\\\\"蔡尊五\\\\\\"]}\\",\\"clerk\\":\\"賴秀能\\",\\"conclusion\\":\\"本件再審議之聲請為無理由，應予駁回。爰依公務員懲戒法第三十八條第一項前段議決如主文。\\"},{\\"judgmentid\\":1134,\\"class\\":\\"公務員懲戒委員會議決書\\",\\"datetime\\":\\"1996-01-11T16:00:00.000Z\\",\\"mainjudge\\":\\"{\\\\\\"委員長\\\\\\":\\\\\\"葛義才\\\\\\"}\\",\\"secondaryjudge\\":\\"{\\\\\\"委員\\\\\\":[\\\\\\"胡光華\\\\\\",\\\\\\"金經昌\\\\\\",\\\\\\"王文\\\\\\",\\\\\\"黃向堅\\\\\\",\\\\\\"陳培基\\\\\\",\\\\\\"吳天惠\\\\\\",\\\\\\"張登科\\\\\\",\\\\\\"陶振聲\\\\\\",\\\\\\"耿雲卿\\\\\\",\\\\\\"薛爾毅\\\\\\",\\\\\\"王廷懋\\\\\\",\\\\\\"王興仁\\\\\\",\\\\\\"蔡尊五\\\\\\"]}\\",\\"clerk\\":\\"賴秀能\\",\\"conclusion\\":\\"本件再審議之聲請為無理由，應予駁回。爰依公務員懲戒法第三十八條第一項前段議決如主文。\\"}]', status = 200, time = now();`,
  errorCode: 999
}
[2021-04-24T17:38:52.869] [INFO] GET_VERDICT_LIST - [{"judgmentid":1,"class":"公務員懲戒委員會議決書","datetime":"1996-01-11T16:00:00.000Z","mainjudge":"{\"委員長\":\"葛義才\"}","secondaryjudge":"{\"委員\":[\"胡光華\",\"金經昌\",\"王文\",\"黃向堅\",\"陳培基\",\"吳天惠\",\"張登科\",\"陶振聲\",\"耿雲卿\",\"薛爾毅\",\"王廷懋\",\"王興仁\",\"蔡尊五\"]}","clerk":"賴秀能","conclusion":"本件再審議之聲請為無理由，應予駁回。爰依公務員懲戒法第三十八條第一項前段議決如主文。"},{"judgmentid":1134,"class":"公務員懲戒委員會議決書","datetime":"1996-01-11T16:00:00.000Z","mainjudge":"{\"委員長\":\"葛義才\"}","secondaryjudge":"{\"委員\":[\"胡光華\",\"金經昌\",\"王文\",\"黃向堅\",\"陳培基\",\"吳天惠\",\"張登科\",\"陶振聲\",\"耿雲卿\",\"薛爾毅\",\"王廷懋\",\"王興仁\",\"蔡尊五\"]}","clerk":"賴秀能","conclusion":"本件再審議之聲請為無理由，應予駁回。爰依公務員懲戒法第三十八條第一項前段議決如主文。"}]
[2021-04-24T17:46:18.954] [ERROR] default - Error: ER_NO_SUCH_TABLE: Table 'legal.actionlog' doesn't exist
    at Query.Sequence._packetToError (c:\Users\allen\Documents\WD_GIT\BNNI_backend\node_modules\mysql\lib\protocol\sequences\Sequence.js:47:14)
    at Query.ErrorPacket (c:\Users\allen\Documents\WD_GIT\BNNI_backend\node_modules\mysql\lib\protocol\sequences\Query.js:79:18)
    at Protocol._parsePacket (c:\Users\allen\Documents\WD_GIT\BNNI_backend\node_modules\mysql\lib\protocol\Protocol.js:291:23)
    at Parser._parsePacket (c:\Users\allen\Documents\WD_GIT\BNNI_backend\node_modules\mysql\lib\protocol\Parser.js:433:10)
    at Parser.write (c:\Users\allen\Documents\WD_GIT\BNNI_backend\node_modules\mysql\lib\protocol\Parser.js:43:10)
    at Protocol.write (c:\Users\allen\Documents\WD_GIT\BNNI_backend\node_modules\mysql\lib\protocol\Protocol.js:38:16)
    at Socket.<anonymous> (c:\Users\allen\Documents\WD_GIT\BNNI_backend\node_modules\mysql\lib\Connection.js:88:28)
    at Socket.<anonymous> (c:\Users\allen\Documents\WD_GIT\BNNI_backend\node_modules\mysql\lib\Connection.js:526:10)
    at Socket.emit (events.js:315:20)
    at addChunk (internal/streams/readable.js:309:12)
    --------------------
    at Protocol._enqueue (c:\Users\allen\Documents\WD_GIT\BNNI_backend\node_modules\mysql\lib\protocol\Protocol.js:144:48)
    at PoolConnection.query (c:\Users\allen\Documents\WD_GIT\BNNI_backend\node_modules\mysql\lib\Connection.js:198:25)
    at c:\Users\allen\Documents\WD_GIT\BNNI_backend\utility\mysqlDB.js:25:32
    at Ping.onOperationComplete (c:\Users\allen\Documents\WD_GIT\BNNI_backend\node_modules\mysql\lib\Pool.js:110:5)
    at Ping.<anonymous> (c:\Users\allen\Documents\WD_GIT\BNNI_backend\node_modules\mysql\lib\Connection.js:526:10)
    at Ping._callback (c:\Users\allen\Documents\WD_GIT\BNNI_backend\node_modules\mysql\lib\Connection.js:488:16)
    at Ping.Sequence.end (c:\Users\allen\Documents\WD_GIT\BNNI_backend\node_modules\mysql\lib\protocol\sequences\Sequence.js:83:24)
    at Ping.Sequence.OkPacket (c:\Users\allen\Documents\WD_GIT\BNNI_backend\node_modules\mysql\lib\protocol\sequences\Sequence.js:92:8)
    at Protocol._parsePacket (c:\Users\allen\Documents\WD_GIT\BNNI_backend\node_modules\mysql\lib\protocol\Protocol.js:291:23)
    at Parser._parsePacket (c:\Users\allen\Documents\WD_GIT\BNNI_backend\node_modules\mysql\lib\protocol\Parser.js:433:10) {
  code: 'ER_NO_SUCH_TABLE',
  errno: 1146,
  sqlMessage: "Table 'legal.actionlog' doesn't exist",
  sqlState: '42S02',
  index: 0,
  sql: `INSERT INTO actionlog SET action_type = NULL, request = '{\\"keyword\\":\\"八十五年度再審字第六一八號\\"}', response = '[{\\"judgmentid\\":1,\\"class\\":\\"公務員懲戒委員會議決書\\",\\"datetime\\":\\"1996-01-11T16:00:00.000Z\\",\\"mainjudge\\":\\"{\\\\\\"委員長\\\\\\":\\\\\\"葛義才\\\\\\"}\\",\\"secondaryjudge\\":\\"{\\\\\\"委員\\\\\\":[\\\\\\"胡光華\\\\\\",\\\\\\"金經昌\\\\\\",\\\\\\"王文\\\\\\",\\\\\\"黃向堅\\\\\\",\\\\\\"陳培基\\\\\\",\\\\\\"吳天惠\\\\\\",\\\\\\"張登科\\\\\\",\\\\\\"陶振聲\\\\\\",\\\\\\"耿雲卿\\\\\\",\\\\\\"薛爾毅\\\\\\",\\\\\\"王廷懋\\\\\\",\\\\\\"王興仁\\\\\\",\\\\\\"蔡尊五\\\\\\"]}\\",\\"clerk\\":\\"賴秀能\\",\\"conclusion\\":\\"本件再審議之聲請為無理由，應予駁回。爰依公務員懲戒法第三十八條第一項前段議決如主文。\\"},{\\"judgmentid\\":1134,\\"class\\":\\"公務員懲戒委員會議決書\\",\\"datetime\\":\\"1996-01-11T16:00:00.000Z\\",\\"mainjudge\\":\\"{\\\\\\"委員長\\\\\\":\\\\\\"葛義才\\\\\\"}\\",\\"secondaryjudge\\":\\"{\\\\\\"委員\\\\\\":[\\\\\\"胡光華\\\\\\",\\\\\\"金經昌\\\\\\",\\\\\\"王文\\\\\\",\\\\\\"黃向堅\\\\\\",\\\\\\"陳培基\\\\\\",\\\\\\"吳天惠\\\\\\",\\\\\\"張登科\\\\\\",\\\\\\"陶振聲\\\\\\",\\\\\\"耿雲卿\\\\\\",\\\\\\"薛爾毅\\\\\\",\\\\\\"王廷懋\\\\\\",\\\\\\"王興仁\\\\\\",\\\\\\"蔡尊五\\\\\\"]}\\",\\"clerk\\":\\"賴秀能\\",\\"conclusion\\":\\"本件再審議之聲請為無理由，應予駁回。爰依公務員懲戒法第三十八條第一項前段議決如主文。\\"}]', status = 200, time = now();`,
  errorCode: 999
}
[2021-04-24T17:46:18.955] [INFO] GET_VERDICT_LIST - [{"judgmentid":1,"class":"公務員懲戒委員會議決書","datetime":"1996-01-11T16:00:00.000Z","mainjudge":"{\"委員長\":\"葛義才\"}","secondaryjudge":"{\"委員\":[\"胡光華\",\"金經昌\",\"王文\",\"黃向堅\",\"陳培基\",\"吳天惠\",\"張登科\",\"陶振聲\",\"耿雲卿\",\"薛爾毅\",\"王廷懋\",\"王興仁\",\"蔡尊五\"]}","clerk":"賴秀能","conclusion":"本件再審議之聲請為無理由，應予駁回。爰依公務員懲戒法第三十八條第一項前段議決如主文。"},{"judgmentid":1134,"class":"公務員懲戒委員會議決書","datetime":"1996-01-11T16:00:00.000Z","mainjudge":"{\"委員長\":\"葛義才\"}","secondaryjudge":"{\"委員\":[\"胡光華\",\"金經昌\",\"王文\",\"黃向堅\",\"陳培基\",\"吳天惠\",\"張登科\",\"陶振聲\",\"耿雲卿\",\"薛爾毅\",\"王廷懋\",\"王興仁\",\"蔡尊五\"]}","clerk":"賴秀能","conclusion":"本件再審議之聲請為無理由，應予駁回。爰依公務員懲戒法第三十八條第一項前段議決如主文。"}]
[2021-04-24T18:40:21.238] [ERROR] default - Error: ER_NO_SUCH_TABLE: Table 'legal.actionlog' doesn't exist
    at Query.Sequence._packetToError (c:\Users\allen\Documents\WD_GIT\BNNI_backend\node_modules\mysql\lib\protocol\sequences\Sequence.js:47:14)
    at Query.ErrorPacket (c:\Users\allen\Documents\WD_GIT\BNNI_backend\node_modules\mysql\lib\protocol\sequences\Query.js:79:18)
    at Protocol._parsePacket (c:\Users\allen\Documents\WD_GIT\BNNI_backend\node_modules\mysql\lib\protocol\Protocol.js:291:23)
    at Parser._parsePacket (c:\Users\allen\Documents\WD_GIT\BNNI_backend\node_modules\mysql\lib\protocol\Parser.js:433:10)
    at Parser.write (c:\Users\allen\Documents\WD_GIT\BNNI_backend\node_modules\mysql\lib\protocol\Parser.js:43:10)
    at Protocol.write (c:\Users\allen\Documents\WD_GIT\BNNI_backend\node_modules\mysql\lib\protocol\Protocol.js:38:16)
    at Socket.<anonymous> (c:\Users\allen\Documents\WD_GIT\BNNI_backend\node_modules\mysql\lib\Connection.js:88:28)
    at Socket.<anonymous> (c:\Users\allen\Documents\WD_GIT\BNNI_backend\node_modules\mysql\lib\Connection.js:526:10)
    at Socket.emit (events.js:315:20)
    at addChunk (internal/streams/readable.js:309:12)
    --------------------
    at Protocol._enqueue (c:\Users\allen\Documents\WD_GIT\BNNI_backend\node_modules\mysql\lib\protocol\Protocol.js:144:48)
    at PoolConnection.query (c:\Users\allen\Documents\WD_GIT\BNNI_backend\node_modules\mysql\lib\Connection.js:198:25)
    at c:\Users\allen\Documents\WD_GIT\BNNI_backend\utility\mysqlDB.js:25:32
    at Ping.onOperationComplete (c:\Users\allen\Documents\WD_GIT\BNNI_backend\node_modules\mysql\lib\Pool.js:110:5)
    at Ping.<anonymous> (c:\Users\allen\Documents\WD_GIT\BNNI_backend\node_modules\mysql\lib\Connection.js:526:10)
    at Ping._callback (c:\Users\allen\Documents\WD_GIT\BNNI_backend\node_modules\mysql\lib\Connection.js:488:16)
    at Ping.Sequence.end (c:\Users\allen\Documents\WD_GIT\BNNI_backend\node_modules\mysql\lib\protocol\sequences\Sequence.js:83:24)
    at Ping.Sequence.OkPacket (c:\Users\allen\Documents\WD_GIT\BNNI_backend\node_modules\mysql\lib\protocol\sequences\Sequence.js:92:8)
    at Protocol._parsePacket (c:\Users\allen\Documents\WD_GIT\BNNI_backend\node_modules\mysql\lib\protocol\Protocol.js:291:23)
    at Parser._parsePacket (c:\Users\allen\Documents\WD_GIT\BNNI_backend\node_modules\mysql\lib\protocol\Parser.js:433:10) {
  code: 'ER_NO_SUCH_TABLE',
  errno: 1146,
  sqlMessage: "Table 'legal.actionlog' doesn't exist",
  sqlState: '42S02',
  index: 0,
  sql: `INSERT INTO actionlog SET action_type = NULL, request = '{\\"keyword\\":\\"八十五年度再審字第六一八號\\"}', response = '[{\\"judgmentid\\":1,\\"class\\":\\"公務員懲戒委員會議決書\\",\\"datetime\\":\\"1996-01-11T16:00:00.000Z\\",\\"mainjudge\\":\\"{\\\\\\"委員長\\\\\\":\\\\\\"葛義才\\\\\\"}\\",\\"secondaryjudge\\":\\"{\\\\\\"委員\\\\\\":[\\\\\\"胡光華\\\\\\",\\\\\\"金經昌\\\\\\",\\\\\\"王文\\\\\\",\\\\\\"黃向堅\\\\\\",\\\\\\"陳培基\\\\\\",\\\\\\"吳天惠\\\\\\",\\\\\\"張登科\\\\\\",\\\\\\"陶振聲\\\\\\",\\\\\\"耿雲卿\\\\\\",\\\\\\"薛爾毅\\\\\\",\\\\\\"王廷懋\\\\\\",\\\\\\"王興仁\\\\\\",\\\\\\"蔡尊五\\\\\\"]}\\",\\"clerk\\":\\"賴秀能\\",\\"conclusion\\":\\"本件再審議之聲請為無理由，應予駁回。爰依公務員懲戒法第三十八條第一項前段議決如主文。\\"},{\\"judgmentid\\":1134,\\"class\\":\\"公務員懲戒委員會議決書\\",\\"datetime\\":\\"1996-01-11T16:00:00.000Z\\",\\"mainjudge\\":\\"{\\\\\\"委員長\\\\\\":\\\\\\"葛義才\\\\\\"}\\",\\"secondaryjudge\\":\\"{\\\\\\"委員\\\\\\":[\\\\\\"胡光華\\\\\\",\\\\\\"金經昌\\\\\\",\\\\\\"王文\\\\\\",\\\\\\"黃向堅\\\\\\",\\\\\\"陳培基\\\\\\",\\\\\\"吳天惠\\\\\\",\\\\\\"張登科\\\\\\",\\\\\\"陶振聲\\\\\\",\\\\\\"耿雲卿\\\\\\",\\\\\\"薛爾毅\\\\\\",\\\\\\"王廷懋\\\\\\",\\\\\\"王興仁\\\\\\",\\\\\\"蔡尊五\\\\\\"]}\\",\\"clerk\\":\\"賴秀能\\",\\"conclusion\\":\\"本件再審議之聲請為無理由，應予駁回。爰依公務員懲戒法第三十八條第一項前段議決如主文。\\"}]', status = 200, time = now();`,
  errorCode: 999
}
[2021-04-24T18:40:21.242] [INFO] GET_VERDICT_LIST - [{"judgmentid":1,"class":"公務員懲戒委員會議決書","datetime":"1996-01-11T16:00:00.000Z","mainjudge":"{\"委員長\":\"葛義才\"}","secondaryjudge":"{\"委員\":[\"胡光華\",\"金經昌\",\"王文\",\"黃向堅\",\"陳培基\",\"吳天惠\",\"張登科\",\"陶振聲\",\"耿雲卿\",\"薛爾毅\",\"王廷懋\",\"王興仁\",\"蔡尊五\"]}","clerk":"賴秀能","conclusion":"本件再審議之聲請為無理由，應予駁回。爰依公務員懲戒法第三十八條第一項前段議決如主文。"},{"judgmentid":1134,"class":"公務員懲戒委員會議決書","datetime":"1996-01-11T16:00:00.000Z","mainjudge":"{\"委員長\":\"葛義才\"}","secondaryjudge":"{\"委員\":[\"胡光華\",\"金經昌\",\"王文\",\"黃向堅\",\"陳培基\",\"吳天惠\",\"張登科\",\"陶振聲\",\"耿雲卿\",\"薛爾毅\",\"王廷懋\",\"王興仁\",\"蔡尊五\"]}","clerk":"賴秀能","conclusion":"本件再審議之聲請為無理由，應予駁回。爰依公務員懲戒法第三十八條第一項前段議決如主文。"}]
[2021-04-24T19:31:14.467] [ERROR] default - Error: ER_NO_SUCH_TABLE: Table 'legal.actionlog' doesn't exist
    at Query.Sequence._packetToError (c:\Users\allen\Documents\WD_GIT\BNNI_backend\node_modules\mysql\lib\protocol\sequences\Sequence.js:47:14)
    at Query.ErrorPacket (c:\Users\allen\Documents\WD_GIT\BNNI_backend\node_modules\mysql\lib\protocol\sequences\Query.js:79:18)
    at Protocol._parsePacket (c:\Users\allen\Documents\WD_GIT\BNNI_backend\node_modules\mysql\lib\protocol\Protocol.js:291:23)
    at Parser._parsePacket (c:\Users\allen\Documents\WD_GIT\BNNI_backend\node_modules\mysql\lib\protocol\Parser.js:433:10)
    at Parser.write (c:\Users\allen\Documents\WD_GIT\BNNI_backend\node_modules\mysql\lib\protocol\Parser.js:43:10)
    at Protocol.write (c:\Users\allen\Documents\WD_GIT\BNNI_backend\node_modules\mysql\lib\protocol\Protocol.js:38:16)
    at Socket.<anonymous> (c:\Users\allen\Documents\WD_GIT\BNNI_backend\node_modules\mysql\lib\Connection.js:88:28)
    at Socket.<anonymous> (c:\Users\allen\Documents\WD_GIT\BNNI_backend\node_modules\mysql\lib\Connection.js:526:10)
    at Socket.emit (events.js:315:20)
    at addChunk (internal/streams/readable.js:309:12)
    --------------------
    at Protocol._enqueue (c:\Users\allen\Documents\WD_GIT\BNNI_backend\node_modules\mysql\lib\protocol\Protocol.js:144:48)
    at PoolConnection.query (c:\Users\allen\Documents\WD_GIT\BNNI_backend\node_modules\mysql\lib\Connection.js:198:25)
    at c:\Users\allen\Documents\WD_GIT\BNNI_backend\utility\mysqlDB.js:25:32
    at Ping.onOperationComplete (c:\Users\allen\Documents\WD_GIT\BNNI_backend\node_modules\mysql\lib\Pool.js:110:5)
    at Ping.<anonymous> (c:\Users\allen\Documents\WD_GIT\BNNI_backend\node_modules\mysql\lib\Connection.js:526:10)
    at Ping._callback (c:\Users\allen\Documents\WD_GIT\BNNI_backend\node_modules\mysql\lib\Connection.js:488:16)
    at Ping.Sequence.end (c:\Users\allen\Documents\WD_GIT\BNNI_backend\node_modules\mysql\lib\protocol\sequences\Sequence.js:83:24)
    at Ping.Sequence.OkPacket (c:\Users\allen\Documents\WD_GIT\BNNI_backend\node_modules\mysql\lib\protocol\sequences\Sequence.js:92:8)
    at Protocol._parsePacket (c:\Users\allen\Documents\WD_GIT\BNNI_backend\node_modules\mysql\lib\protocol\Protocol.js:291:23)
    at Parser._parsePacket (c:\Users\allen\Documents\WD_GIT\BNNI_backend\node_modules\mysql\lib\protocol\Parser.js:433:10) {
  code: 'ER_NO_SUCH_TABLE',
  errno: 1146,
  sqlMessage: "Table 'legal.actionlog' doesn't exist",
  sqlState: '42S02',
  index: 0,
  sql: `INSERT INTO actionlog SET action_type = NULL, request = '{\\"keyword\\":\\"keyword\\"}', response = '[]', status = 200, time = now();`,
  errorCode: 999
}
[2021-04-24T19:31:14.469] [INFO] GET_VERDICT_LIST - []
[2021-04-24T19:31:27.789] [ERROR] default - Error: ER_NO_SUCH_TABLE: Table 'legal.actionlog' doesn't exist
    at Query.Sequence._packetToError (c:\Users\allen\Documents\WD_GIT\BNNI_backend\node_modules\mysql\lib\protocol\sequences\Sequence.js:47:14)
    at Query.ErrorPacket (c:\Users\allen\Documents\WD_GIT\BNNI_backend\node_modules\mysql\lib\protocol\sequences\Query.js:79:18)
    at Protocol._parsePacket (c:\Users\allen\Documents\WD_GIT\BNNI_backend\node_modules\mysql\lib\protocol\Protocol.js:291:23)
    at Parser._parsePacket (c:\Users\allen\Documents\WD_GIT\BNNI_backend\node_modules\mysql\lib\protocol\Parser.js:433:10)
    at Parser.write (c:\Users\allen\Documents\WD_GIT\BNNI_backend\node_modules\mysql\lib\protocol\Parser.js:43:10)
    at Protocol.write (c:\Users\allen\Documents\WD_GIT\BNNI_backend\node_modules\mysql\lib\protocol\Protocol.js:38:16)
    at Socket.<anonymous> (c:\Users\allen\Documents\WD_GIT\BNNI_backend\node_modules\mysql\lib\Connection.js:88:28)
    at Socket.<anonymous> (c:\Users\allen\Documents\WD_GIT\BNNI_backend\node_modules\mysql\lib\Connection.js:526:10)
    at Socket.emit (events.js:315:20)
    at addChunk (internal/streams/readable.js:309:12)
    --------------------
    at Protocol._enqueue (c:\Users\allen\Documents\WD_GIT\BNNI_backend\node_modules\mysql\lib\protocol\Protocol.js:144:48)
    at PoolConnection.query (c:\Users\allen\Documents\WD_GIT\BNNI_backend\node_modules\mysql\lib\Connection.js:198:25)
    at c:\Users\allen\Documents\WD_GIT\BNNI_backend\utility\mysqlDB.js:25:32
    at Ping.onOperationComplete (c:\Users\allen\Documents\WD_GIT\BNNI_backend\node_modules\mysql\lib\Pool.js:110:5)
    at Ping.<anonymous> (c:\Users\allen\Documents\WD_GIT\BNNI_backend\node_modules\mysql\lib\Connection.js:526:10)
    at Ping._callback (c:\Users\allen\Documents\WD_GIT\BNNI_backend\node_modules\mysql\lib\Connection.js:488:16)
    at Ping.Sequence.end (c:\Users\allen\Documents\WD_GIT\BNNI_backend\node_modules\mysql\lib\protocol\sequences\Sequence.js:83:24)
    at Ping.Sequence.OkPacket (c:\Users\allen\Documents\WD_GIT\BNNI_backend\node_modules\mysql\lib\protocol\sequences\Sequence.js:92:8)
    at Protocol._parsePacket (c:\Users\allen\Documents\WD_GIT\BNNI_backend\node_modules\mysql\lib\protocol\Protocol.js:291:23)
    at Parser._parsePacket (c:\Users\allen\Documents\WD_GIT\BNNI_backend\node_modules\mysql\lib\protocol\Parser.js:433:10) {
  code: 'ER_NO_SUCH_TABLE',
  errno: 1146,
  sqlMessage: "Table 'legal.actionlog' doesn't exist",
  sqlState: '42S02',
  index: 0,
  sql: `INSERT INTO actionlog SET action_type = NULL, request = '{\\"keyword\\":\\"八十五年度再審字第六一八號\\"}', response = '[{\\"judgmentid\\":1,\\"class\\":\\"公務員懲戒委員會議決書\\",\\"datetime\\":\\"1996-01-11T16:00:00.000Z\\",\\"mainjudge\\":\\"{\\\\\\"委員長\\\\\\":\\\\\\"葛義才\\\\\\"}\\",\\"secondaryjudge\\":\\"{\\\\\\"委員\\\\\\":[\\\\\\"胡光華\\\\\\",\\\\\\"金經昌\\\\\\",\\\\\\"王文\\\\\\",\\\\\\"黃向堅\\\\\\",\\\\\\"陳培基\\\\\\",\\\\\\"吳天惠\\\\\\",\\\\\\"張登科\\\\\\",\\\\\\"陶振聲\\\\\\",\\\\\\"耿雲卿\\\\\\",\\\\\\"薛爾毅\\\\\\",\\\\\\"王廷懋\\\\\\",\\\\\\"王興仁\\\\\\",\\\\\\"蔡尊五\\\\\\"]}\\",\\"clerk\\":\\"賴秀能\\",\\"conclusion\\":\\"本件再審議之聲請為無理由，應予駁回。爰依公務員懲戒法第三十八條第一項前段議決如主文。\\"},{\\"judgmentid\\":1134,\\"class\\":\\"公務員懲戒委員會議決書\\",\\"datetime\\":\\"1996-01-11T16:00:00.000Z\\",\\"mainjudge\\":\\"{\\\\\\"委員長\\\\\\":\\\\\\"葛義才\\\\\\"}\\",\\"secondaryjudge\\":\\"{\\\\\\"委員\\\\\\":[\\\\\\"胡光華\\\\\\",\\\\\\"金經昌\\\\\\",\\\\\\"王文\\\\\\",\\\\\\"黃向堅\\\\\\",\\\\\\"陳培基\\\\\\",\\\\\\"吳天惠\\\\\\",\\\\\\"張登科\\\\\\",\\\\\\"陶振聲\\\\\\",\\\\\\"耿雲卿\\\\\\",\\\\\\"薛爾毅\\\\\\",\\\\\\"王廷懋\\\\\\",\\\\\\"王興仁\\\\\\",\\\\\\"蔡尊五\\\\\\"]}\\",\\"clerk\\":\\"賴秀能\\",\\"conclusion\\":\\"本件再審議之聲請為無理由，應予駁回。爰依公務員懲戒法第三十八條第一項前段議決如主文。\\"}]', status = 200, time = now();`,
  errorCode: 999
}
[2021-04-24T19:31:27.791] [INFO] GET_VERDICT_LIST - [{"judgmentid":1,"class":"公務員懲戒委員會議決書","datetime":"1996-01-11T16:00:00.000Z","mainjudge":"{\"委員長\":\"葛義才\"}","secondaryjudge":"{\"委員\":[\"胡光華\",\"金經昌\",\"王文\",\"黃向堅\",\"陳培基\",\"吳天惠\",\"張登科\",\"陶振聲\",\"耿雲卿\",\"薛爾毅\",\"王廷懋\",\"王興仁\",\"蔡尊五\"]}","clerk":"賴秀能","conclusion":"本件再審議之聲請為無理由，應予駁回。爰依公務員懲戒法第三十八條第一項前段議決如主文。"},{"judgmentid":1134,"class":"公務員懲戒委員會議決書","datetime":"1996-01-11T16:00:00.000Z","mainjudge":"{\"委員長\":\"葛義才\"}","secondaryjudge":"{\"委員\":[\"胡光華\",\"金經昌\",\"王文\",\"黃向堅\",\"陳培基\",\"吳天惠\",\"張登科\",\"陶振聲\",\"耿雲卿\",\"薛爾毅\",\"王廷懋\",\"王興仁\",\"蔡尊五\"]}","clerk":"賴秀能","conclusion":"本件再審議之聲請為無理由，應予駁回。爰依公務員懲戒法第三十八條第一項前段議決如主文。"}]
[2021-04-24T19:31:33.005] [ERROR] default - Error: ER_NO_SUCH_TABLE: Table 'legal.actionlog' doesn't exist
    at Query.Sequence._packetToError (c:\Users\allen\Documents\WD_GIT\BNNI_backend\node_modules\mysql\lib\protocol\sequences\Sequence.js:47:14)
    at Query.ErrorPacket (c:\Users\allen\Documents\WD_GIT\BNNI_backend\node_modules\mysql\lib\protocol\sequences\Query.js:79:18)
    at Protocol._parsePacket (c:\Users\allen\Documents\WD_GIT\BNNI_backend\node_modules\mysql\lib\protocol\Protocol.js:291:23)
    at Parser._parsePacket (c:\Users\allen\Documents\WD_GIT\BNNI_backend\node_modules\mysql\lib\protocol\Parser.js:433:10)
    at Parser.write (c:\Users\allen\Documents\WD_GIT\BNNI_backend\node_modules\mysql\lib\protocol\Parser.js:43:10)
    at Protocol.write (c:\Users\allen\Documents\WD_GIT\BNNI_backend\node_modules\mysql\lib\protocol\Protocol.js:38:16)
    at Socket.<anonymous> (c:\Users\allen\Documents\WD_GIT\BNNI_backend\node_modules\mysql\lib\Connection.js:88:28)
    at Socket.<anonymous> (c:\Users\allen\Documents\WD_GIT\BNNI_backend\node_modules\mysql\lib\Connection.js:526:10)
    at Socket.emit (events.js:315:20)
    at addChunk (internal/streams/readable.js:309:12)
    --------------------
    at Protocol._enqueue (c:\Users\allen\Documents\WD_GIT\BNNI_backend\node_modules\mysql\lib\protocol\Protocol.js:144:48)
    at PoolConnection.query (c:\Users\allen\Documents\WD_GIT\BNNI_backend\node_modules\mysql\lib\Connection.js:198:25)
    at c:\Users\allen\Documents\WD_GIT\BNNI_backend\utility\mysqlDB.js:25:32
    at Ping.onOperationComplete (c:\Users\allen\Documents\WD_GIT\BNNI_backend\node_modules\mysql\lib\Pool.js:110:5)
    at Ping.<anonymous> (c:\Users\allen\Documents\WD_GIT\BNNI_backend\node_modules\mysql\lib\Connection.js:526:10)
    at Ping._callback (c:\Users\allen\Documents\WD_GIT\BNNI_backend\node_modules\mysql\lib\Connection.js:488:16)
    at Ping.Sequence.end (c:\Users\allen\Documents\WD_GIT\BNNI_backend\node_modules\mysql\lib\protocol\sequences\Sequence.js:83:24)
    at Ping.Sequence.OkPacket (c:\Users\allen\Documents\WD_GIT\BNNI_backend\node_modules\mysql\lib\protocol\sequences\Sequence.js:92:8)
    at Protocol._parsePacket (c:\Users\allen\Documents\WD_GIT\BNNI_backend\node_modules\mysql\lib\protocol\Protocol.js:291:23)
    at Parser._parsePacket (c:\Users\allen\Documents\WD_GIT\BNNI_backend\node_modules\mysql\lib\protocol\Parser.js:433:10) {
  code: 'ER_NO_SUCH_TABLE',
  errno: 1146,
  sqlMessage: "Table 'legal.actionlog' doesn't exist",
  sqlState: '42S02',
  index: 0,
  sql: `INSERT INTO actionlog SET action_type = NULL, request = '{\\"keyword\\":\\"第六一八號\\"}', response = '[{\\"judgmentid\\":1,\\"class\\":\\"公務員懲戒委員會議決書\\",\\"datetime\\":\\"1996-01-11T16:00:00.000Z\\",\\"mainjudge\\":\\"{\\\\\\"委員長\\\\\\":\\\\\\"葛義才\\\\\\"}\\",\\"secondaryjudge\\":\\"{\\\\\\"委員\\\\\\":[\\\\\\"胡光華\\\\\\",\\\\\\"金經昌\\\\\\",\\\\\\"王文\\\\\\",\\\\\\"黃向堅\\\\\\",\\\\\\"陳培基\\\\\\",\\\\\\"吳天惠\\\\\\",\\\\\\"張登科\\\\\\",\\\\\\"陶振聲\\\\\\",\\\\\\"耿雲卿\\\\\\",\\\\\\"薛爾毅\\\\\\",\\\\\\"王廷懋\\\\\\",\\\\\\"王興仁\\\\\\",\\\\\\"蔡尊五\\\\\\"]}\\",\\"clerk\\":\\"賴秀能\\",\\"conclusion\\":\\"本件再審議之聲請為無理由，應予駁回。爰依公務員懲戒法第三十八條第一項前段議決如主文。\\"},{\\"judgmentid\\":983,\\"class\\":\\"最高法院刑事判決\\",\\"datetime\\":\\"1996-01-30T16:00:00.000Z\\",\\"mainjudge\\":\\"{\\\\\\"審判長法官\\\\\\":\\\\\\"黃劍青\\\\\\"}\\",\\"secondaryjudge\\":\\"{\\\\\\"法官\\\\\\":[\\\\\\"林文豐\\\\\\",\\\\\\"林增福\\\\\\",\\\\\\"邵燕玲\\\\\\"]}\\",\\"clerk\\":\\"未記載\\",\\"conclusion\\":\\"應依刑事訴訟法第三百九十五條前段，判決如主文。\\"},{\\"judgmentid\\":1134,\\"class\\":\\"公務員懲戒委員會議決書\\",\\"datetime\\":\\"1996-01-11T16:00:00.000Z\\",\\"mainjudge\\":\\"{\\\\\\"委員長\\\\\\":\\\\\\"葛義才\\\\\\"}\\",\\"secondaryjudge\\":\\"{\\\\\\"委員\\\\\\":[\\\\\\"胡光華\\\\\\",\\\\\\"金經昌\\\\\\",\\\\\\"王文\\\\\\",\\\\\\"黃向堅\\\\\\",\\\\\\"陳培基\\\\\\",\\\\\\"吳天惠\\\\\\",\\\\\\"張登科\\\\\\",\\\\\\"陶振聲\\\\\\",\\\\\\"耿雲卿\\\\\\",\\\\\\"薛爾毅\\\\\\",\\\\\\"王廷懋\\\\\\",\\\\\\"王興仁\\\\\\",\\\\\\"蔡尊五\\\\\\"]}\\",\\"clerk\\":\\"賴秀能\\",\\"conclusion\\":\\"本件再審議之聲請為無理由，應予駁回。爰依公務員懲戒法第三十八條第一項前段議決如主文。\\"}]', status = 200, time = now();`,
  errorCode: 999
}
[2021-04-24T19:31:33.007] [INFO] GET_VERDICT_LIST - [{"judgmentid":1,"class":"公務員懲戒委員會議決書","datetime":"1996-01-11T16:00:00.000Z","mainjudge":"{\"委員長\":\"葛義才\"}","secondaryjudge":"{\"委員\":[\"胡光華\",\"金經昌\",\"王文\",\"黃向堅\",\"陳培基\",\"吳天惠\",\"張登科\",\"陶振聲\",\"耿雲卿\",\"薛爾毅\",\"王廷懋\",\"王興仁\",\"蔡尊五\"]}","clerk":"賴秀能","conclusion":"本件再審議之聲請為無理由，應予駁回。爰依公務員懲戒法第三十八條第一項前段議決如主文。"},{"judgmentid":983,"class":"最高法院刑事判決","datetime":"1996-01-30T16:00:00.000Z","mainjudge":"{\"審判長法官\":\"黃劍青\"}","secondaryjudge":"{\"法官\":[\"林文豐\",\"林增福\",\"邵燕玲\"]}","clerk":"未記載","conclusion":"應依刑事訴訟法第三百九十五條前段，判決如主文。"},{"judgmentid":1134,"class":"公務員懲戒委員會議決書","datetime":"1996-01-11T16:00:00.000Z","mainjudge":"{\"委員長\":\"葛義才\"}","secondaryjudge":"{\"委員\":[\"胡光華\",\"金經昌\",\"王文\",\"黃向堅\",\"陳培基\",\"吳天惠\",\"張登科\",\"陶振聲\",\"耿雲卿\",\"薛爾毅\",\"王廷懋\",\"王興仁\",\"蔡尊五\"]}","clerk":"賴秀能","conclusion":"本件再審議之聲請為無理由，應予駁回。爰依公務員懲戒法第三十八條第一項前段議決如主文。"}]
[2021-04-24T20:16:53.549] [ERROR] default - Error: ER_NO_SUCH_TABLE: Table 'legal.actionlog' doesn't exist
    at Query.Sequence._packetToError (c:\Users\allen\Documents\WD_GIT\BNNI_backend\node_modules\mysql\lib\protocol\sequences\Sequence.js:47:14)
    at Query.ErrorPacket (c:\Users\allen\Documents\WD_GIT\BNNI_backend\node_modules\mysql\lib\protocol\sequences\Query.js:79:18)
    at Protocol._parsePacket (c:\Users\allen\Documents\WD_GIT\BNNI_backend\node_modules\mysql\lib\protocol\Protocol.js:291:23)
    at Parser._parsePacket (c:\Users\allen\Documents\WD_GIT\BNNI_backend\node_modules\mysql\lib\protocol\Parser.js:433:10)
    at Parser.write (c:\Users\allen\Documents\WD_GIT\BNNI_backend\node_modules\mysql\lib\protocol\Parser.js:43:10)
    at Protocol.write (c:\Users\allen\Documents\WD_GIT\BNNI_backend\node_modules\mysql\lib\protocol\Protocol.js:38:16)
    at Socket.<anonymous> (c:\Users\allen\Documents\WD_GIT\BNNI_backend\node_modules\mysql\lib\Connection.js:88:28)
    at Socket.<anonymous> (c:\Users\allen\Documents\WD_GIT\BNNI_backend\node_modules\mysql\lib\Connection.js:526:10)
    at Socket.emit (events.js:315:20)
    at addChunk (internal/streams/readable.js:309:12)
    --------------------
    at Protocol._enqueue (c:\Users\allen\Documents\WD_GIT\BNNI_backend\node_modules\mysql\lib\protocol\Protocol.js:144:48)
    at PoolConnection.query (c:\Users\allen\Documents\WD_GIT\BNNI_backend\node_modules\mysql\lib\Connection.js:198:25)
    at c:\Users\allen\Documents\WD_GIT\BNNI_backend\utility\mysqlDB.js:25:32
    at Ping.onOperationComplete (c:\Users\allen\Documents\WD_GIT\BNNI_backend\node_modules\mysql\lib\Pool.js:110:5)
    at Ping.<anonymous> (c:\Users\allen\Documents\WD_GIT\BNNI_backend\node_modules\mysql\lib\Connection.js:526:10)
    at Ping._callback (c:\Users\allen\Documents\WD_GIT\BNNI_backend\node_modules\mysql\lib\Connection.js:488:16)
    at Ping.Sequence.end (c:\Users\allen\Documents\WD_GIT\BNNI_backend\node_modules\mysql\lib\protocol\sequences\Sequence.js:83:24)
    at Ping.Sequence.OkPacket (c:\Users\allen\Documents\WD_GIT\BNNI_backend\node_modules\mysql\lib\protocol\sequences\Sequence.js:92:8)
    at Protocol._parsePacket (c:\Users\allen\Documents\WD_GIT\BNNI_backend\node_modules\mysql\lib\protocol\Protocol.js:291:23)
    at Parser._parsePacket (c:\Users\allen\Documents\WD_GIT\BNNI_backend\node_modules\mysql\lib\protocol\Parser.js:433:10) {
  code: 'ER_NO_SUCH_TABLE',
  errno: 1146,
  sqlMessage: "Table 'legal.actionlog' doesn't exist",
  sqlState: '42S02',
  index: 0,
  sql: `INSERT INTO actionlog SET action_type = NULL, request = '{\\"keyword\\":\\"八十五年度再審字第六一八號\\"}', response = '[{\\"judgmentid\\":1,\\"class\\":\\"公務員懲戒委員會議決書\\",\\"datetime\\":\\"1996-01-11T16:00:00.000Z\\",\\"mainjudge\\":\\"{\\\\\\"委員長\\\\\\":\\\\\\"葛義才\\\\\\"}\\",\\"secondaryjudge\\":\\"{\\\\\\"委員\\\\\\":[\\\\\\"胡光華\\\\\\",\\\\\\"金經昌\\\\\\",\\\\\\"王文\\\\\\",\\\\\\"黃向堅\\\\\\",\\\\\\"陳培基\\\\\\",\\\\\\"吳天惠\\\\\\",\\\\\\"張登科\\\\\\",\\\\\\"陶振聲\\\\\\",\\\\\\"耿雲卿\\\\\\",\\\\\\"薛爾毅\\\\\\",\\\\\\"王廷懋\\\\\\",\\\\\\"王興仁\\\\\\",\\\\\\"蔡尊五\\\\\\"]}\\",\\"clerk\\":\\"賴秀能\\",\\"conclusion\\":\\"本件再審議之聲請為無理由，應予駁回。爰依公務員懲戒法第三十八條第一項前段議決如主文。\\",\\"jtitle\\":\\"聲請再審議\\"},{\\"judgmentid\\":1134,\\"class\\":\\"公務員懲戒委員會議決書\\",\\"datetime\\":\\"1996-01-11T16:00:00.000Z\\",\\"mainjudge\\":\\"{\\\\\\"委員長\\\\\\":\\\\\\"葛義才\\\\\\"}\\",\\"secondaryjudge\\":\\"{\\\\\\"委員\\\\\\":[\\\\\\"胡光華\\\\\\",\\\\\\"金經昌\\\\\\",\\\\\\"王文\\\\\\",\\\\\\"黃向堅\\\\\\",\\\\\\"陳培基\\\\\\",\\\\\\"吳天惠\\\\\\",\\\\\\"張登科\\\\\\",\\\\\\"陶振聲\\\\\\",\\\\\\"耿雲卿\\\\\\",\\\\\\"薛爾毅\\\\\\",\\\\\\"王廷懋\\\\\\",\\\\\\"王興仁\\\\\\",\\\\\\"蔡尊五\\\\\\"]}\\",\\"clerk\\":\\"賴秀能\\",\\"conclusion\\":\\"本件再審議之聲請為無理由，應予駁回。爰依公務員懲戒法第三十八條第一項前段議決如主文。\\",\\"jtitle\\":\\"聲請再審議\\"}]', status = 200, time = now();`,
  errorCode: 999
}
[2021-04-24T20:16:53.551] [INFO] GET_VERDICT_LIST - [{"judgmentid":1,"class":"公務員懲戒委員會議決書","datetime":"1996-01-11T16:00:00.000Z","mainjudge":"{\"委員長\":\"葛義才\"}","secondaryjudge":"{\"委員\":[\"胡光華\",\"金經昌\",\"王文\",\"黃向堅\",\"陳培基\",\"吳天惠\",\"張登科\",\"陶振聲\",\"耿雲卿\",\"薛爾毅\",\"王廷懋\",\"王興仁\",\"蔡尊五\"]}","clerk":"賴秀能","conclusion":"本件再審議之聲請為無理由，應予駁回。爰依公務員懲戒法第三十八條第一項前段議決如主文。","jtitle":"聲請再審議"},{"judgmentid":1134,"class":"公務員懲戒委員會議決書","datetime":"1996-01-11T16:00:00.000Z","mainjudge":"{\"委員長\":\"葛義才\"}","secondaryjudge":"{\"委員\":[\"胡光華\",\"金經昌\",\"王文\",\"黃向堅\",\"陳培基\",\"吳天惠\",\"張登科\",\"陶振聲\",\"耿雲卿\",\"薛爾毅\",\"王廷懋\",\"王興仁\",\"蔡尊五\"]}","clerk":"賴秀能","conclusion":"本件再審議之聲請為無理由，應予駁回。爰依公務員懲戒法第三十八條第一項前段議決如主文。","jtitle":"聲請再審議"}]
